{"numTotalTestSuites":2,"numPassedTestSuites":2,"numFailedTestSuites":0,"numPendingTestSuites":0,"numTotalTests":1,"numPassedTests":1,"numFailedTests":0,"numPendingTests":0,"numTodoTests":0,"snapshot":{"added":0,"failure":false,"filesAdded":0,"filesRemoved":0,"filesRemovedList":[],"filesUnmatched":0,"filesUpdated":0,"matched":0,"total":0,"unchecked":0,"uncheckedKeysByFile":[],"unmatched":0,"updated":0,"didUpdate":false},"startTime":1749065227537,"success":true,"testResults":[{"assertionResults":[{"ancestorTitles":["App"],"fullName":"App should render successfully","status":"passed","title":"should render successfully","duration":21.237379999999916,"failureMessages":[],"meta":{}}],"startTime":1749065228456,"endTime":1749065228477.2373,"status":"passed","message":"","name":"/home/james/crackedmetrics/apps/dashboard/src/app/app.spec.tsx"}]}